
GET /api/contacts/ 25-07-2023_04:31:12
GET /api/contacts/ 25-07-2023_05:29:21
GET /api/contacts/ 25-07-2023_06:54:49
GET /api/contacts/ 25-07-2023_06:55:45
GET /api/contacts/ 25-07-2023_06:57:58
GET /api/contacts/AeHIrLTr6JkxGE6SN-0Rw 25-07-2023_06:59:43
GET /api/contacts/AeHIrLTr6JkxGE6SN-0Rw 25-07-2023_07:01:38
GET /api/contacts/AeHIrLTr6JkxGE6SN 25-07-2023_07:03:23
GET /api/contacts/ 25-07-2023_07:07:34
GET /api/contacts/qdggE76Jtbfd9eWJHrssH 25-07-2023_07:07:41
GET /api/contacts/qdggE76Jtbfd9eWJHrssH 25-07-2023_07:09:02
GET /api/contacts/qdggE76Jtbfd9eWJHrssH 25-07-2023_07:09:05
GET /api/contacts/qdggE76Jtbfd9eWJHrss 25-07-2023_07:10:03
GET /api/contacts/ 25-07-2023_07:10:46
GET /api/contacts/ 25-07-2023_07:11:29
GET /api/contacts/AeHIrLTr6JkxGE6SN-0Rw 25-07-2023_07:14:02
GET /api/contacts/AeHIrLTr6JkxGE6SN-0R 25-07-2023_07:14:05
GET /api/contacts/AeHIrLTr6JkxGE6SN-0R 25-07-2023_07:17:04
GET /api/contacts/AeHIrLTr6JkxGE6SN-0R 25-07-2023_07:17:16
GET /api/contacts/AeHIrLTr6JkxGE6SN-0R 25-07-2023_07:17:52
GET /api/contacts/AeHIrLTr6JkxGE6SN-0R 25-07-2023_07:18:37
GET /api/contacts/AeHIrLTr6JkxGE6SN-0R 25-07-2023_07:18:42
GET /api/contacts/AeHIrLTr6JkxGE6SN-0R 25-07-2023_07:19:18
GET /api/contacts/AeHIrLTr6JkxGE6SN 25-07-2023_07:19:21
GET /api/contacts/ 25-07-2023_07:19:24
GET /api/contacts/qdggE76Jtbfd9eWJHrssH 25-07-2023_07:19:29
GET /api/contacts/qdggE76Jtbfd9eWJHrssH 25-07-2023_07:26:51
GET /api/contacts/qdggE76Jtbfd9eWJHrss 25-07-2023_07:26:53
GET /api/contacts/qdggE76Jtbfd9eWJHrss 25-07-2023_07:31:24
GET /api/contacts/qdggE76Jtbfd9eWJHrss 25-07-2023_07:33:33
GET /api/contacts/qdggE76Jtbfd9eWJH 25-07-2023_07:33:35
GET /api/contacts/ 25-07-2023_07:33:40
GET /api/contacts/ 25-07-2023_07:33:47
GET /api/contacts/AeHIrLTr6JkxGE6SN-0Rw 25-07-2023_07:33:57
GET /api/contacts/AeHIrLTr6JkxGE6SN-0R 25-07-2023_07:34:12
GET /api/contacts/AeHIrLTr6JkxGE6SN-0Rw 25-07-2023_07:34:17
POST /api/contacts/ 25-07-2023_07:44:48
POST /api/contacts/ 25-07-2023_07:46:23
POST /api/contacts/ 25-07-2023_08:47:02
POST /api/contacts/ 25-07-2023_08:53:29
POST /api/contacts/ 25-07-2023_08:54:18
POST /api/contacts/ 25-07-2023_08:55:42
POST /api/contacts/ 25-07-2023_08:55:57
POST /api/contacts/ 25-07-2023_08:56:06
POST /api/contacts/ 25-07-2023_08:56:54
POST /api/contacts/ 25-07-2023_08:57:03
POST /api/contacts/ 25-07-2023_08:57:34
POST /api/contacts/ 25-07-2023_08:57:40
POST /api/contacts/ 25-07-2023_08:57:44
POST /api/contacts/ 25-07-2023_08:57:59
POST /api/contacts/ 25-07-2023_08:58:05
POST /api/contacts/ 25-07-2023_08:58:09
POST /api/contacts/ 25-07-2023_09:02:37
POST /api/contacts/ 25-07-2023_09:03:36
POST /api/contacts/ 25-07-2023_09:04:14
POST /api/contacts/ 25-07-2023_09:09:01
POST /api/contacts/ 25-07-2023_09:09:14
POST /api/contacts/ 25-07-2023_09:10:53
POST /api/contacts/ 25-07-2023_09:10:59
POST /api/contacts/ 25-07-2023_09:11:00
POST /api/contacts/ 25-07-2023_09:11:14
POST /api/contacts/ 25-07-2023_09:12:05
POST /api/contacts/ 25-07-2023_09:12:06
POST /api/contacts/ 25-07-2023_09:12:16
POST /api/contacts/ 25-07-2023_09:12:23
POST /api/contacts/ 25-07-2023_09:12:24
POST /api/contacts/ 25-07-2023_09:16:14
POST /api/contacts/ 25-07-2023_09:16:25
POST /api/contacts/ 25-07-2023_09:16:51
POST /api/contacts/ 25-07-2023_09:16:57
PUT /api/contacts/2wUkE43fFGOZO8-zE_Ieu 25-07-2023_09:22:13
PUT /api/contacts/2wUkE43fFGOZO8-zE_Ieu 25-07-2023_09:24:26
PUT /api/contacts/2wUkE43fFGOZO8-zE_Ieu 25-07-2023_09:24:37
PUT /api/contacts/2wUkE43fFGOZO8-zE_Ieu 25-07-2023_09:24:46
PUT /api/contacts/2wUkE43fFGOZO8-zE_Ieu 25-07-2023_09:25:02
PUT /api/contacts/2wUkE43fFGOZO8-zE_Ieu 25-07-2023_09:25:44
PUT /api/contacts/ 25-07-2023_09:26:02
PUT /api/contacts/2wUkE43fFGOZO8-zE_Ieu 25-07-2023_09:26:08
GET /api/contacts/2wUkE43fFGOZO8-zE_Ieu 25-07-2023_09:26:13
PUT /api/contacts/2wUkE43fFGOZO8-zE_Ieu 25-07-2023_09:26:21
PUT /api/contacts/CFI4A3emp-TOZhicN6Vrw 25-07-2023_09:26:35
PUT /api/contacts/2wUkE43fFGOZO8-zE_Ieu 25-07-2023_09:26:52
PUT /api/contacts/2wUkE43fFGOZO8-zE_Ieu 25-07-2023_09:27:16
PUT /api/contacts/2wUkE43fFGOZO8-zE_I 25-07-2023_09:27:30
PUT /api/contacts/2wUkE43fFGOZO8-zE 25-07-2023_09:27:32
PUT /api/contacts/CFI4A3emp-TOZhicN6Vrw 25-07-2023_09:27:37
PUT /api/contacts/CFI4A3emp-TOZhicN6Vrw 25-07-2023_09:29:38
PUT /api/contacts/CFI4A3emp-TOZhicN6Vrw 25-07-2023_09:29:42
PUT /api/contacts/2wUkE43fFGOZO8-zE_Ieu%22 25-07-2023_09:29:57
PUT /api/contacts/2wUkE43fFGOZO8-zE_Ieu 25-07-2023_09:30:36
PUT /api/contacts/CFI4A3emp-TOZhicN6Vac 25-07-2023_09:31:10
DELETE /api/contacts/CFI4A3emp-TOZhicN6Vac 25-07-2023_09:35:55
DELETE /api/contacts/rsKkOQUi80UsgVPCcLZZW 25-07-2023_09:36:10
DELETE /api/contacts/rsKkOQUi80UsgVPCcLZZW 25-07-2023_09:36:19
DELETE /api/contacts/rsKkOQUi80UsgVPCcLZZW 25-07-2023_09:37:14
DELETE /api/contacts/rsKkOQUi80UsgVPCcLZZW 25-07-2023_09:37:36
DELETE /api/contacts/rsKkOQUi80UsgVPCcLZZW 25-07-2023_09:37:48
POST /api/contacts/ 25-07-2023_09:38:36
POST /api/contacts/l3Bx1iE_jQdUJgZtq0aZj 25-07-2023_09:38:59
GET /api/contacts/l3Bx1iE_jQdUJgZtq0aZj 25-07-2023_09:39:06
GET /api/contacts/ 25-07-2023_09:39:22
GET /api/contacts/l3Bx1iE_jQdUJgZtq0aZj 25-07-2023_09:39:53
GET /api/contacts/ 25-07-2023_09:40:04
PUT /api/contacts/l3Bx1iE_jQdUJgZtq0aZj 25-07-2023_09:40:14
PUT /api/contacts/l3Bx1iE_jQdUJgZtq0aZj 25-07-2023_09:40:19
PUT /api/contacts/l3Bx1iE_jQdUJgZtq0aZj 25-07-2023_09:40:32
DELETE /api/contacts/rsKkOQUi80UsgVPCcLZZW 25-07-2023_09:40:40
DELETE /api/contacts/l3Bx1iE_jQdUJgZtq0aZj 25-07-2023_09:40:55
DELETE /api/contacts/l3Bx1iE_jQdUJgZtq0aZj 25-07-2023_09:42:49
GET /api/contacts/l3Bx1iE_jQdUJgZtq0aZj 25-07-2023_09:43:15
POST /api/contacts/ 25-07-2023_09:43:23
GET /api/contacts/ 25-07-2023_09:43:31
DELETE /api/contacts/niOsvqJFAIrbqxbqt5Phv 25-07-2023_09:43:42
DELETE /api/contacts/l3Bx1iE_jQdUJgZtq0aZj 25-07-2023_09:43:52
DELETE /api/contacts/l3Bx1iE_jQdUJgZtq0aZj 25-07-2023_09:47:29
POST /api/contacts/ 25-07-2023_09:48:06
GET /api/contacts/T9_RKrIk-uz6bIXf0vyR_ 25-07-2023_09:48:24
DELETE /api/contacts/T9_RKrIk-uz6bIXf0vyR_ 25-07-2023_09:48:32
GET /api/contacts/ 25-07-2023_11:23:14
GET /api/contacts/T9_RKrIk-uz6bIXf0vyR_ 25-07-2023_11:23:19
GET /api/contacts/C9sjBfCo4UJCWjzBnOtxl 25-07-2023_11:23:38
POST /api/contacts/ 25-07-2023_11:24:04
GET /api/contacts/GlCAAyi0IWE2e_RyKQ0mH 25-07-2023_11:24:15
PUT /api/contacts/GlCAAyi0IWE2e_RyKQ0mH 25-07-2023_11:24:33
PUT /api/contacts/GlCAAyi0IWE2e_RyKQ0mH 25-07-2023_11:24:39
PUT /api/contacts/GlCAAyi0IWE2e_RyKQ0mH 25-07-2023_11:24:47
DELETE /api/contacts/GlCAAyi0IWE2e_RyKQ0mH 25-07-2023_11:24:57
GET /api/contacts/ 25-07-2023_11:40:25
POST /api/contacts/ 25-07-2023_11:40:45
POST /api/contacts/ 25-07-2023_11:40:57
POST /api/contacts/ 25-07-2023_11:41:13
POST /api/contacts/ 25-07-2023_11:41:18
POST /api/contacts/ 25-07-2023_11:41:46
POST /api/contacts/ 25-07-2023_11:41:52
GET /api/contacts/s0F00XGgDm5xI1r35zOqp 25-07-2023_11:42:05
PUT /api/contacts/s0F00XGgDm5xI1r35zOqp 25-07-2023_11:42:15
PUT /api/contacts/s0F00XGgDm5xI1r35zOqp 25-07-2023_11:42:29
DELETE /api/contacts/s0F00XGgDm5xI1r35zOqp 25-07-2023_11:42:48
DELETE /api/contacts/s0F00XGgDm5xI1r35zO 25-07-2023_11:42:51
DELETE /api/contacts/BqzY_qCqQPnjFqB0iN60g 25-07-2023_11:43:03
DELETE /api/contacts/ap_AJ23ThkRdqda49LXZ0 25-07-2023_11:43:10
POST /api/contacts/ 25-07-2023_11:48:14
POST /api/contacts/ 25-07-2023_11:48:19
POST /api/contacts/ 25-07-2023_11:48:24
PUT /api/contacts/pEFLqDKuWj6z5dGg6ZzEI 25-07-2023_11:48:43
PUT /api/contacts/pEFLqDKuWj6z5dGg6ZzEI 25-07-2023_11:48:48
DELETE /api/contacts/pEFLqDKuWj6z5dGg6ZzEI 25-07-2023_11:48:59
GET /api/contacts/ 25-07-2023_11:53:21
GET /api/contacts/ 25-07-2023_11:53:28
GET /api/contacts/ 25-07-2023_11:53:57
GET /api/contacts/ 27-07-2023_11:25:38
POST /api/contacts/ 27-07-2023_11:31:12
POST /api/contacts/ 27-07-2023_11:41:32
POST /api/contacts/ 27-07-2023_11:41:42
POST /api/contacts/ 27-07-2023_11:44:10
POST /api/contacts/ 27-07-2023_11:46:39
POST /api/contacts/ 27-07-2023_11:46:52
POST /api/contacts/ 27-07-2023_11:47:19
POST /api/contacts/ 27-07-2023_11:47:27
POST /api/contacts/ 27-07-2023_11:47:32
POST /api/contacts/ 27-07-2023_11:47:41
POST /api/contacts/ 27-07-2023_11:48:40
POST /api/contacts/ 27-07-2023_11:48:49
POST /api/contacts/ 27-07-2023_11:48:59
POST /api/contacts/ 27-07-2023_11:49:25
POST /api/contacts/ 27-07-2023_11:52:41
POST /api/contacts/ 27-07-2023_11:54:51
POST /api/contacts/ 27-07-2023_11:56:02
POST /api/contacts/ 27-07-2023_11:58:35
POST /api/contacts/ 27-07-2023_12:01:43
POST /api/contacts/ 27-07-2023_12:12:39
POST /api/contacts/ 27-07-2023_12:13:05
POST /api/contacts/ 27-07-2023_12:18:23
POST /api/contacts/ 27-07-2023_12:33:53
POST /api/contacts/ 27-07-2023_12:34:14
POST /api/contacts/ 27-07-2023_12:34:56
POST /api/contacts/ 27-07-2023_12:35:03
GET /api/contacts/ 27-07-2023_12:35:18
GET /api/contacts/ 27-07-2023_12:36:23
GET /api/contacts/ 27-07-2023_12:36:52
GET /api/contacts/ 27-07-2023_12:37:11
GET /api/contacts/ 27-07-2023_12:37:31
GET /api/contacts/s0F00XGgDm5xI1r35zOqp 27-07-2023_12:39:02
GET /api/contacts/64c23521da25a197c037d5dd 27-07-2023_12:39:22
GET /api/contacts/64c23521da25a197c037d5dd 27-07-2023_12:40:15
GET /api/contacts/64c23521da25a197c037d5ddiug;iv;v; 27-07-2023_12:40:59
GET /api/contacts/64c23521da25a197c037d5dc 27-07-2023_12:41:34
GET /api/contacts/64c23521da25a197c037d5d 27-07-2023_12:41:48
GET /api/contacts/64c23521da25a197c037d5d 27-07-2023_12:51:03
GET /api/contacts/64c23521da25a197c037d5d 27-07-2023_12:51:33
GET /api/contacts/64c23521da25a197c037d5d 27-07-2023_12:52:09
GET /api/contacts/64c23521da25a197c037d5dc 27-07-2023_12:52:17
GET /api/contacts/64c23521da25a197c037d5dd 27-07-2023_12:52:26
PUT /api/contacts/64c23521da25a197c037d5dd 27-07-2023_12:55:03
PUT /api/contacts/64c23521da25a197c037d5dd 27-07-2023_12:55:51
PUT /api/contacts/64c23521da25a197c037d5dd 27-07-2023_01:34:46
PATCH /api/contacts/64c23521da25a197c037d5dd/favorite 27-07-2023_01:37:51
PATCH /api/contacts/64c23521da25a197c037d5dd/favorite 27-07-2023_01:37:58
PATCH /api/contacts/64c23521da25a197c037d5dd/favorite 27-07-2023_01:38:06
GET /api/contacts/64c22b50ae2ab6d1c3daa3ff 27-07-2023_01:40:28
PUT /api/contacts/64c22b50ae2ab6d1c3daa3ff 27-07-2023_01:41:02
PUT /api/contacts/64c22b50ae2ab6d1c3daa3ff 27-07-2023_01:41:32
PUT /api/contacts/64c22b50ae2ab6d1c3daa3ff 27-07-2023_01:41:37
PATCH /api/contacts/64c22b50ae2ab6d1c3daa3ff/favorite 27-07-2023_01:42:38
PATCH /api/contacts/64c22b50ae2ab6d1c3daa3f/favorite 27-07-2023_01:43:30
PATCH /api/contacts/64c22b50ae2ab6d1c3daa3fc/favorite 27-07-2023_01:43:34
PATCH /api/contacts/64c22b50ae2ab6d1c3daa3ff/favorite 27-07-2023_01:43:40
DELETE /api/contacts/64c22b50ae2ab6d1c3daa3ff 27-07-2023_01:43:55
GET /api/contacts/ 27-07-2023_02:06:26
GET /api/contacts/ 27-07-2023_02:14:01
GET /api/contacts/64c22b50ae2ab6d1c3daa3ff 27-07-2023_02:14:16
GET /api/contacts/64c23521da25a197c037d5dd 27-07-2023_02:14:30
GET /api/contacts/64c23521da25a197c037d5d 27-07-2023_02:14:36
GET /api/contacts/64c23521da25a197c037d5dc 27-07-2023_02:14:39
GET /api/contact 27-07-2023_02:14:45
GET /api/contacts/ 27-07-2023_02:14:49
GET /api/contacts/hfdzh 27-07-2023_02:14:51
GET /api/contact/ 27-07-2023_02:14:57
GET /api/contacts/ 27-07-2023_02:15:01
GET /api/contacts/64c23521da25a197c037d5dd 27-07-2023_02:15:06
POST /api/contacts/ 27-07-2023_02:15:23
POST /api/contacts/ 27-07-2023_02:15:54
POST /api/contacts/ 27-07-2023_02:16:23
POST /api/contacts/ 27-07-2023_02:16:30
POST /api/contacts/ 27-07-2023_02:16:49
PUT /api/contacts/64c251cb04854f0da784910b 27-07-2023_02:18:01
PUT /api/contacts/64c251cb04854f0da784910b 27-07-2023_02:18:23
PUT /api/contacts/64c251cb04854f0da784910 27-07-2023_02:18:28
PUT /api/contacts/64c251cb04854f0da784910c 27-07-2023_02:18:32
PUT /api/contacts/64c251cb04854f0da784910b 27-07-2023_02:18:34
PATCH /api/contacts/64c251cb04854f0da784910b/favorite 27-07-2023_02:18:58
DELETE /api/contacts/64c251cb04854f0da784910 27-07-2023_02:19:19
DELETE /api/contacts/64c251cb04854f0da784910j 27-07-2023_02:19:22
DELETE /api/contacts/64c251cb04854f0da784910b 27-07-2023_02:19:24
PUT /api/contacts/64c251cb04854f0da784910b 27-07-2023_02:28:52
POST /api/contacts/ 27-07-2023_02:29:19
PUT /api/contacts/64c2550ff971288dc801d985 27-07-2023_02:29:31
PUT /api/contacts/64c2550ff971288dc801d985 27-07-2023_02:30:18
PUT /api/contacts/64c2550ff971288dc801d985 27-07-2023_02:31:39
PUT /api/contacts/64c2550ff971288dc801d985 27-07-2023_02:31:45
DELETE /api/contacts/64c2550ff971288dc801d985 27-07-2023_02:32:02
POST /api/users/register 28-07-2023_09:18:54
POST /api/users/register 28-07-2023_09:21:01
POST /api/users/register 28-07-2023_09:21:16
POST /api/users/register 28-07-2023_09:26:18
POST /api/users/register 28-07-2023_09:27:05
POST /api/users/register 28-07-2023_09:27:22
POST /api/users/register 28-07-2023_09:27:49
POST /api/users/register 28-07-2023_09:28:09
POST /api/users/register 28-07-2023_09:29:43
POST /api/users/register 28-07-2023_09:29:58
POST /api/users/register 28-07-2023_09:30:27
POST /api/users/register 28-07-2023_09:32:26
POST /api/users/register 28-07-2023_09:32:35
POST /api/users/register 28-07-2023_09:36:05
POST /api/users/register 28-07-2023_09:36:42
POST /api/users/register 28-07-2023_09:38:50
POST /api/users/register 28-07-2023_09:39:00
POST /api/users/register 28-07-2023_09:39:23
POST /api/users/register 28-07-2023_09:39:43
POST /api/users/register 28-07-2023_09:41:24
POST /api/users/register 28-07-2023_09:41:36
POST /api/users/register 28-07-2023_09:41:52
POST /api/users/register 28-07-2023_09:42:49
POST /api/users/register 28-07-2023_09:43:37
POST /api/users/register 28-07-2023_09:47:12
POST /api/users/register 28-07-2023_10:53:08
POST /api/users/register 28-07-2023_10:53:37
POST /api/users/register 28-07-2023_10:54:12
POST /api/users/login 29-07-2023_12:54:12
POST /api/users/login 29-07-2023_12:37:50
GET /api/contacts/ 29-07-2023_12:39:00
GET /api/contacts/ 29-07-2023_01:53:40
GET /api/contacts/ 29-07-2023_01:53:54
GET /api/contacts/ 29-07-2023_01:54:44
POST /api/users/login 29-07-2023_01:55:48
GET /api/contacts/ 29-07-2023_01:56:04
GET /api/contacts/ 29-07-2023_01:57:18
GET /api/contacts/ 29-07-2023_01:58:07
GET /api/contacts/ 29-07-2023_01:58:29
GET /api/contacts/ 29-07-2023_01:59:10
GET /api/contacts/ 29-07-2023_02:00:43
GET /api/contacts/ 29-07-2023_02:00:49
GET /api/contacts/ 29-07-2023_02:00:53
GET /api/contacts/ 29-07-2023_02:02:14
GET /api/contacts/ 29-07-2023_02:02:33
GET /api/contacts/ 29-07-2023_02:02:52
GET /api/contacts/ 29-07-2023_02:03:22
GET /api/contacts/ 29-07-2023_02:21:44
GET /api/contacts/ 29-07-2023_02:21:49
GET /api/contacts/ 29-07-2023_02:22:02
GET /api/contacts/ 29-07-2023_02:22:17
POST /api/contacts/ 29-07-2023_02:34:25
POST /api/users/login 29-07-2023_02:34:34
POST /api/contacts/ 29-07-2023_02:34:52
POST /api/users/register 29-07-2023_02:40:10
POST /api/users/login 29-07-2023_02:40:24
POST /api/contacts/ 29-07-2023_02:41:28
GET /api/contacts/ 29-07-2023_02:42:02
POST /api/contacts/ 29-07-2023_02:45:08
POST /api/contacts/ 29-07-2023_02:51:15
POST /api/users/login 29-07-2023_02:51:42
POST /api/contacts/ 29-07-2023_02:52:05
POST /api/contacts/ 29-07-2023_02:53:32
POST /api/contacts/ 29-07-2023_02:54:34
POST /api/contacts/ 29-07-2023_02:55:47
POST /api/contacts/ 29-07-2023_02:56:30
POST /api/users/login 29-07-2023_02:56:47
POST /api/contacts/ 29-07-2023_02:57:10
GET /api/contacts/ 29-07-2023_02:59:25
GET /api/contacts/ 29-07-2023_03:00:25
GET /api/contacts/ 29-07-2023_03:01:11
POST /api/users/login 29-07-2023_03:01:58
GET /api/contacts/ 29-07-2023_03:02:10
GET /api/contacts/64c107ba537bc464cf6e62ef 29-07-2023_03:03:39
GET /api/contacts/64c4fe430a580427b656bb5c 29-07-2023_03:04:01
GET /api/contacts/64c4fe96958fb043413aa13f 29-07-2023_03:04:12
PUT /api/contacts/64c4fe430a580427b656bb5c 29-07-2023_03:12:44
GET /api/contacts/ 29-07-2023_03:12:58
PUT /api/contacts/64c4fe430a580427b656bb5c 29-07-2023_03:13:17
PUT /api/contacts/64c4fe96958fb043413aa13f 29-07-2023_03:14:11
GET /api/contacts/ 29-07-2023_03:28:25
GET /api/contacts/ 29-07-2023_03:28:47
GET /api/contacts/ 29-07-2023_03:29:30
POST /api/users/login 30-07-2023_05:45:21
GET /api/contacts/?page=2&limit=10 30-07-2023_05:45:31
GET /api/contacts/64c4fe96958fb043413aa13f 30-07-2023_05:47:13
POST /api/contacts/ 30-07-2023_05:47:47
POST /api/contacts/ 30-07-2023_05:47:56
POST /api/contacts/ 30-07-2023_05:48:01
POST /api/contacts/ 30-07-2023_05:48:05
POST /api/contacts/ 30-07-2023_05:48:09
POST /api/contacts/ 30-07-2023_05:48:13
POST /api/contacts/ 30-07-2023_05:48:17
POST /api/contacts/ 30-07-2023_05:48:20
POST /api/contacts/ 30-07-2023_05:48:56
POST /api/contacts/ 30-07-2023_05:49:00
PATCH /api/contacts/64c251cb04854f0da784910b/favorite 30-07-2023_05:49:11
PATCH /api/contacts/64c251cb04854f0da784910b/favorite 30-07-2023_05:49:23
PATCH /api/contacts/64c67825c9bc3848323907c1/favorite 30-07-2023_05:49:37
PUT /api/contacts/64c67825c9bc3848323907c1 30-07-2023_05:49:53
PUT /api/contacts/64c67825c9bc3848323907c1 30-07-2023_05:50:27
GET /api/contacts/?page=2&limit=10 30-07-2023_05:50:44
GET /api/contacts/?page=1&limit=10 30-07-2023_05:51:09
GET /api/contacts/?page=1&limit=10 30-07-2023_05:52:30
GET /api/contacts/?page=1&limit=5 30-07-2023_05:53:34
GET /api/contacts/?page=1&limit=2 30-07-2023_05:53:56
GET /api/contacts/?page=2&limit=2 30-07-2023_05:54:04
GET /api/contacts/?page=5&limit=5 30-07-2023_05:55:10
GET /api/users/current 30-07-2023_05:59:53
GET /api/users/current 30-07-2023_06:00:34
GET /api/users/current 30-07-2023_06:00:47
GET /api/users/curren 30-07-2023_06:00:54
GET /api/users/current 30-07-2023_06:00:57
GET /api/users/current 30-07-2023_06:01:53
PATCH /api/contacts/64c67831c9bc3848323907ca/favorite 30-07-2023_06:04:50
GET /api/contacts/?page=1&limit=2 30-07-2023_06:04:56
GET /api/contacts/?page=1&limit=10 30-07-2023_06:05:00
GET /api/contacts/?page=2&limit=10 30-07-2023_06:05:05
GET /api/contacts/?page=1&limit=10 30-07-2023_06:05:13
GET /api/contacts/?favorite=true 30-07-2023_06:07:54
GET /api/contacts/?favorite=true 30-07-2023_06:08:59
GET /api/contacts/?favorite=true 30-07-2023_06:09:38
GET /api/contacts/?favorite=false 30-07-2023_06:09:47
GET /api/contacts/ 30-07-2023_06:10:00
GET /api/contacts/ 30-07-2023_06:10:05
GET /api/contacts/ 30-07-2023_06:10:19
GET /api/contacts/?favorite=true 30-07-2023_06:11:02
GET /api/contacts/?favorite=true&favorite=false 30-07-2023_06:12:08
POST /api/users/login 30-07-2023_07:20:26
GET /api/users/logout 30-07-2023_07:24:14
GET /api/users/logout 30-07-2023_07:25:05
GET /api/users/logout 30-07-2023_07:25:49
POST /api/users/login 30-07-2023_07:25:55
GET /api/users/logout 30-07-2023_07:26:04
POST /api/users/logout 30-07-2023_07:26:16
POST /api/users/login 30-07-2023_07:26:43
POST /api/users/logout 30-07-2023_07:26:51
POST /api/users/login 30-07-2023_07:27:07
POST /api/users/logout 30-07-2023_07:27:16
POST /api/users/login 30-07-2023_07:28:42
POST /api/users/logout 30-07-2023_07:28:50
POST /api/users/logout 30-07-2023_07:29:29
POST /api/users/logout 30-07-2023_07:29:34
POST /api/users/logout 30-07-2023_07:29:44
POST /api/users/logout 30-07-2023_07:31:17
POST /api/users/logout 30-07-2023_07:32:03
POST /api/users/logout 30-07-2023_07:32:15
POST /api/users/logout 30-07-2023_07:32:19
POST /api/users/login 30-07-2023_07:36:00
GET /api/users/current 30-07-2023_07:36:13
PATCH /api/users/64c4fa9afb25e3e2331be4d0/subscription 30-07-2023_07:36:27
PATCH /api/users/64c4fa9afb25e3e2331be4d0/subscription 30-07-2023_08:45:19
PATCH /api/users/64c4fa9afb25e3e2331be4d0/subscription 30-07-2023_08:46:17
PATCH /api/users/64c4fa9afb25e3e2331be4d0/subscription 30-07-2023_08:48:35
PATCH /api/users/64c4fa9afb25e3e2331be4d0/subscription 30-07-2023_08:48:47
PATCH /api/users/64c4fa9afb25e3e2331be4d0/subscription 30-07-2023_08:52:14
PATCH /api/users/64c4fa9afb25e3e2331be4d0/subscription 30-07-2023_08:52:37
PATCH /api/users/64c4fa9afb25e3e2331be4d0/subscription 30-07-2023_08:52:46
PATCH /api/users/64c4fa9afb25e3e2331be4d0/subscription 30-07-2023_08:54:37
PATCH /api/users/64c4fa9afb25e3e2331be4d0/subscription 30-07-2023_08:56:00
PATCH /api/users/64c4fa9afb25e3e2331be4d0/subscription 30-07-2023_08:56:09
PATCH /api/users/64c4fa9afb25e3e2331be4d0/subscription 30-07-2023_08:56:44
PATCH /api/users/64c4fa9afb25e3e2331be4d0/subscription 30-07-2023_08:57:28
PATCH /api/users/64c4fa9afb25e3e2331be4d0/subscription 30-07-2023_08:57:45
PATCH /api/users/64c4fa9afb25e3e2331be4d0/subscription 30-07-2023_08:59:11
PATCH /api/users/64c4fa9afb25e3e2331be4d0/subscription 30-07-2023_09:00:21
PATCH /api/users/64c4fa9afb25e3e2331be4d0/subscription 30-07-2023_09:01:50
PATCH /api/users/64c4fa9afb25e3e2331be4d0/subscription 30-07-2023_09:03:37
PATCH /api/users/64c4fa9afb25e3e2331be4d0/subscription 30-07-2023_09:03:43
PATCH /api/users/64c4fa9afb25e3e2331be4d0/subscription 30-07-2023_09:10:21
PATCH /api/users/64c4fa9afb25e3e2331be4d0/subscription 30-07-2023_09:12:49
PATCH /api/users/64c4fa9afb25e3e2331be4d0/subscription 30-07-2023_09:12:54
PATCH /api/users/64c4fa9afb25e3e2331be4d0/subscription 30-07-2023_09:13:08
PATCH /api/users/64c4fa9afb25e3e2331be4d0/subscription 30-07-2023_09:17:40
PATCH /api/users/64c4fa9afb25e3e2331be4d0/subscription 30-07-2023_09:17:45
PATCH /api/users/64c4fa9afb25e3e2331be4d0/subscription 30-07-2023_09:19:57
PATCH /api/users/64c4fa9afb25e3e2331be4d0/subscription 30-07-2023_09:20:02
PATCH /api/users/64c4fa9afb25e3e2331be4d0/subscription 30-07-2023_09:20:15
PATCH /api/users/64c4fa9afb25e3e2331be4d0/subscription 30-07-2023_09:20:30
PATCH /api/users/64c4fa9afb25e3e2331be4d0/subscription 30-07-2023_09:21:02
POST /api/users/register 30-07-2023_09:28:46
POST /api/users/register 30-07-2023_09:29:03
POST /api/users/login 30-07-2023_09:29:24
POST /api/users/login 30-07-2023_09:29:42
GET /api/users/current 30-07-2023_09:29:55
PATCH /api/users/64c6abef4dfe222f75fc6c6d/subscription 30-07-2023_09:30:24
PATCH /api/users/64c6abef4dfe222f75fc6c6d/subscription 30-07-2023_09:30:32
GET /api/users/current 30-07-2023_09:30:38
GET /api/contacts/?favorite=true&favorite=false 30-07-2023_09:30:49
GET /api/contacts/?favorite=true&favorite=false 30-07-2023_09:31:19
POST /api/users/register 30-07-2023_09:32:41
POST /api/users/register 30-07-2023_09:32:52
POST /api/users/register 30-07-2023_09:32:59
POST /api/users/register 30-07-2023_09:33:15
POST /api/users/register 30-07-2023_09:33:36
POST /api/users/register 30-07-2023_09:33:42
POST /api/users/login 30-07-2023_09:38:40
GET /api/contacts/?favorite=true&favorite=false 30-07-2023_09:38:58
PATCH /api/users/64c6abef4dfe222f75fc6c6d/subscription 30-07-2023_09:39:15
PATCH /api/users/64c6abef4dfe222f75fc6c6d/subscription 30-07-2023_09:55:04
PATCH /api/users/64c6abef4dfe222f75fc6c6d/subscription 30-07-2023_09:55:09
GET /api/users/current 30-07-2023_09:55:13
POST /api/users/login 30-07-2023_09:55:24
GET /api/users/current 30-07-2023_09:55:32
POST /api/users/login 30-07-2023_10:15:54
GET /api/users/current 30-07-2023_10:16:03
PATCH /api/users/64c6abef4dfe222f75fc6c6d/subscription 30-07-2023_10:16:22
GET /api/contacts/?favorite=true&favorite=false 30-07-2023_10:16:39
GET /api/contacts/ 30-07-2023_10:16:45
POST /api/contacts/ 30-07-2023_10:17:15
GET /api/contacts/ 30-07-2023_10:17:54
GET /api/contacts/?favorite=true 30-07-2023_10:18:02
GET /api/contacts/?favorite=true&favorite=false 30-07-2023_10:18:06
POST /api/users/logout 30-07-2023_10:18:51
GET /api/contacts/64c6b73b97d1d139eca36e2c 30-07-2023_10:19:01
PUT /api/contacts/64c6b73b97d1d139eca36e2c 30-07-2023_10:19:17
PATCH /api/contacts/64c6b73b97d1d139eca36e2c/favorite 30-07-2023_10:19:32
GET /api/contacts/64c6b73b97d1d139eca36e2c 30-07-2023_10:19:40
GET /api/contacts/?favorite=true 30-07-2023_10:19:53
GET /api/contacts/ 30-07-2023_10:19:58
GET /api/contacts/?favorite=true&favorite=false 30-07-2023_10:20:05
GET /api/contacts/?favorite=true&favorite=false 30-07-2023_11:35:03
GET /api/contacts/?favorite=true&favorite=false 30-07-2023_11:35:25
GET /api/contacts/?favorite=true&favorite=false 30-07-2023_11:35:41
GET /api/contacts/?favorite=true 30-07-2023_11:35:50
GET /api/contacts/ 30-07-2023_11:35:57
POST /api/users/login 30-07-2023_11:36:39
GET /api/contacts/?favorite=true&favorite=false 30-07-2023_11:36:50
GET /api/contacts/?favorite=true 30-07-2023_11:36:59
GET /api/contacts/?favorite=false 30-07-2023_11:37:07
GET /api/contacts/ 30-07-2023_11:37:15
GET /api/contacts/ 30-07-2023_11:47:55
GET /api/users/current 30-07-2023_11:48:20
GET /api/contacts/64c6b73b97d1d139eca36e2c 30-07-2023_11:48:30
GET /api/contacts/64c6b73b97d1d139eca36e2 30-07-2023_11:48:35
DELETE /api/contacts/64c6785cc9bc3848323907d3 30-07-2023_11:49:46
DELETE /api/contacts/64c6785cc9bc3848323907d3 30-07-2023_11:49:52
DELETE /api/contacts/64c6b73b97d1d139eca36e2c 30-07-2023_11:49:56
DELETE /api/contacts/64c67858c9bc3848323907d0 30-07-2023_11:50:01
DELETE /api/contacts/64c67834c9bc3848323907cd 30-07-2023_11:50:06
DELETE /api/contacts/64c67831c9bc3848323907ca 30-07-2023_11:50:16
PATCH /api/contacts/64c6782dc9bc3848323907c7/favorite 30-07-2023_11:50:23
PATCH /api/contacts/64c6782dc9bc3848323907c7/favorite 30-07-2023_11:50:32
PATCH /api/contacts/64c6782dc9bc3848323907c7/favorite 30-07-2023_11:50:35
PATCH /api/contacts/64c6782dc9bc3848323907c7/favorite 30-07-2023_11:50:40
PATCH /api/contacts/64c6782dc9bc3848323907c7/favorite 30-07-2023_11:50:46
PATCH /api/contacts/64c6782dc9bc3848323907c7/favorite 30-07-2023_11:50:53
DELETE /api/contacts/64c6782dc9bc3848323907c7 30-07-2023_11:51:01
GET /api/users/current 30-07-2023_11:51:03
DELETE /api/contacts/64c67829c9bc3848323907c4 30-07-2023_11:51:21
DELETE /api/contacts/64c67825c9bc3848323907c1 30-07-2023_11:51:26
DELETE /api/contacts/64c67821c9bc3848323907be 30-07-2023_11:51:31
DELETE /api/contacts/64c6781cc9bc3848323907bb 30-07-2023_11:51:40
DELETE /api/contacts/64c67813c9bc3848323907b8 30-07-2023_11:51:44
DELETE /api/contacts/64c4fe96958fb043413aa13f 30-07-2023_11:51:51
DELETE /api/contacts/64c4fe6e958fb043413aa13b 30-07-2023_11:52:01
DELETE /api/contacts/64c4fe430a580427b656bb5c 30-07-2023_11:52:06
POST /api/users/login 03-08-2023_12:53:07
GET /api/contacts/ 03-08-2023_12:54:32
GET /api/contacts/ 03-08-2023_12:54:58
GET /api/contacts/ 03-08-2023_12:55:11
GET /api/contacts/ 03-08-2023_12:55:52
GET /api/contacts/ 03-08-2023_12:56:12
GET /api/contacts/ 03-08-2023_12:57:49
GET /api/contacts/ 03-08-2023_12:58:01
GET /api/contacts/ 03-08-2023_12:58:40
GET /api/contacts/ 03-08-2023_12:59:02
GET /api/contacts/ 03-08-2023_01:00:10
GET /api/contacts/ 03-08-2023_01:01:21
GET /api/contacts/ 03-08-2023_01:01:54
GET /api/contacts/ 03-08-2023_01:21:30
POST /api/users/login 03-08-2023_01:21:43
GET /api/contacts/ 03-08-2023_01:21:53
GET /api/contacts/ 03-08-2023_01:23:23
GET /api/contacts/ 03-08-2023_01:23:30
GET /api/contacts/ 03-08-2023_01:29:04
GET /api/contacts/ 03-08-2023_01:30:29
GET /api/contacts/ 03-08-2023_01:32:32
GET /api/contacts/ 03-08-2023_01:33:10
GET /api/contacts/ 03-08-2023_01:33:24
GET /api/contacts/ 03-08-2023_01:34:11
GET /api/contacts/ 03-08-2023_01:35:47
GET /api/contacts/ 03-08-2023_01:36:22
GET /api/contacts/ 03-08-2023_01:39:14
GET /api/contacts/ 03-08-2023_01:40:20
GET /api/contacts/ 03-08-2023_01:46:33
GET /api/contacts/ 03-08-2023_01:48:05
GET /api/contacts/ 03-08-2023_01:48:32
GET /api/contacts/ 03-08-2023_01:51:43
GET /api/contacts/ 03-08-2023_01:54:15
GET /api/contacts/ 03-08-2023_01:55:31
GET /api/contacts/ 03-08-2023_02:25:42
GET /api/contacts/ 03-08-2023_02:26:15
GET /api/contacts/ 03-08-2023_02:26:43
GET /api/contacts/ 03-08-2023_02:26:59
GET /api/contacts/ 03-08-2023_02:29:15
GET /api/contacts/ 03-08-2023_02:29:25
GET /api/contacts/ 03-08-2023_02:29:45
GET /api/contacts/ 03-08-2023_02:30:43
GET /api/contacts/ 03-08-2023_02:32:19
GET /api/contacts/ 03-08-2023_02:35:12
GET /api/contacts/ 03-08-2023_02:42:42
GET /api/contacts/ 03-08-2023_02:43:45
GET /api/contacts/ 03-08-2023_02:43:55
GET /api/contacts/ 03-08-2023_02:44:12
GET /api/contacts/ 03-08-2023_02:44:24
GET /api/contacts/ 03-08-2023_02:44:43
GET /api/contacts/ 03-08-2023_02:45:45
POST /api/users/login 03-08-2023_02:47:28
POST /api/users/login 03-08-2023_02:47:49
GET /api/contacts/ 03-08-2023_02:47:59
POST /api/contacts/ 03-08-2023_02:48:53
PATCH /api/contacts/64cb9425d6ca64908822e748/favorite 03-08-2023_02:50:12
PATCH /api/contacts/64cb9425d6ca64908822e748/favorite 03-08-2023_02:50:37
PATCH /api/contacts/64cb9425d6ca64908822e748/favorite 03-08-2023_02:52:28
PATCH /api/contacts/64cb9425d6ca64908822e748/favorite 03-08-2023_02:52:34
PATCH /api/contacts/64cb9425d6ca64908822e748/favorite 03-08-2023_03:05:30
PATCH /api/contacts/64cb9425d6ca64908822e748/favorite 03-08-2023_03:05:39
PATCH /api/contacts/64cb9425d6ca64908822e748/favorite 03-08-2023_03:05:52
PATCH /api/contacts/64cb9425d6ca64908822e748/favorite 03-08-2023_03:06:04
PATCH /api/contacts/64cb9425d6ca64908822e748/favorite 03-08-2023_03:06:49
PATCH /api/contacts/64cb9425d6ca64908822e748/favorite 03-08-2023_03:06:55
PATCH /api/contacts/64cb9425d6ca64908822e748/favorite 03-08-2023_03:07:03
PATCH /api/contacts/64cb9425d6ca64908822e748/favorite 03-08-2023_03:07:14
PATCH /api/contacts/64cb9425d6ca64908822e748/favorite 03-08-2023_03:07:18
PATCH /api/contacts/64cb9425d6ca64908822e748/favorite 04-08-2023_11:50:16
PATCH /api/contacts/64cb9425d6ca64908822e748/favorite 04-08-2023_11:51:46
PATCH /api/contacts/64cb9425d6ca64908822e748/favorite 04-08-2023_11:51:56
PATCH /api/contacts/64cb9425d6ca64908822e748/favorite 04-08-2023_11:52:09
PATCH /api/contacts/64cb9425d6ca64908822e748/favorite 04-08-2023_11:52:27
POST /api/users/login 04-08-2023_11:55:37
GET /api/contacts/ 04-08-2023_11:55:48
PATCH /api/contacts/64cb9425d6ca64908822e748/favorite 04-08-2023_11:56:19
GET /api/users/current 04-08-2023_11:57:21
PATCH /api/users/avatars 04-08-2023_03:01:41
PATCH /api/users/avatars 04-08-2023_03:02:12
PATCH /api/users/avatars 04-08-2023_03:09:58
PATCH /api/users/avatars 04-08-2023_03:15:55
PATCH /api/users/avatars 04-08-2023_03:29:48
GET /public/avatars/avatar.png 04-08-2023_03:30:43
GET /favicon.ico 04-08-2023_03:30:44
GET /avatars/avatar.png 04-08-2023_03:30:48
GET /avatars/avatar.png 04-08-2023_03:30:50
GET /avatars/avatar.png 04-08-2023_03:31:08
GET /avatars/avatar.png 04-08-2023_03:31:13
GET /public/avatars/avatar.png 04-08-2023_03:31:24
GET /avatars/avatar.png 04-08-2023_03:31:29
GET /public/avatars/avatar.png 04-08-2023_03:39:43
GET /favicon.ico 05-08-2023_06:48:19
POST /api/users/register 05-08-2023_08:20:19
POST /api/users/register 05-08-2023_08:21:42
POST /api/users/login 05-08-2023_08:28:07
PATCH /api/users/avatars 05-08-2023_08:58:12
POST /api/users/login 05-08-2023_08:59:05
PATCH /api/users/avatars 05-08-2023_08:59:23
PATCH /api/users/avatars 05-08-2023_08:59:51
PATCH /api/users/avatars 05-08-2023_09:04:35
PATCH /api/users/avatars 05-08-2023_09:04:37
PATCH /api/users/avatars 05-08-2023_09:06:08
PATCH /api/users/avatars 05-08-2023_10:30:40
PATCH /api/users/avatars 05-08-2023_10:30:58
GET /avatars/avatar.png 05-08-2023_10:31:06
PATCH /api/users/avatars 05-08-2023_11:02:55
PATCH /api/users/avatars 05-08-2023_11:07:54
PATCH /api/users/avatars 05-08-2023_11:08:27
PATCH /api/users/avatars 05-08-2023_11:20:17
PATCH /api/users/avatars 05-08-2023_11:22:40
PATCH /api/users/avatars 05-08-2023_11:23:04
PATCH /api/users/avatars 05-08-2023_11:27:43
PATCH /api/users/avatars 05-08-2023_11:28:07
GET /favicon.ico 06-08-2023_12:31:35
POST /api/users/login 06-08-2023_01:40:32
PATCH /api/users/avatars 06-08-2023_01:40:48
PATCH /api/users/avatars 06-08-2023_01:41:25
POST /api/users/login 06-08-2023_01:42:49
PATCH /api/users/avatars 06-08-2023_01:43:04
POST /api/users/register 06-08-2023_04:25:22
GET /avatars/64ce8526b50de85e03107f75_avatar.png 06-08-2023_04:26:14
GET /avatars/64ce8526b50de85e03107f75_avatar.png 06-08-2023_04:26:22
POST /api/users/login 06-08-2023_04:26:33
GET /api/users/current 06-08-2023_04:26:49
PATCH /api/users/64cf9f422c3c69c0c4626cb5/subscription 06-08-2023_04:28:11
PATCH /api/users/avatars 06-08-2023_04:28:23
GET /api/contacts/ 06-08-2023_04:28:57
GET /api/contacts/ 06-08-2023_04:29:00
POST /api/contacts/ 06-08-2023_04:29:04
GET /api/contacts/ 06-08-2023_04:29:09
PATCH /api/contacts/64cfa0212c3c69c0c4626cc3/favorite 06-08-2023_04:29:34
PUT /api/contacts/64cfa0212c3c69c0c4626cc3 06-08-2023_04:30:20
GET /api/contacts/64cfa0212c3c69c0c4626cc3 06-08-2023_04:30:33
DELETE /api/contacts/64cfa0212c3c69c0c4626cc3 06-08-2023_04:30:38
DELETE /api/contacts/64cfa0212c3c69c0c4626cc3 06-08-2023_04:31:00
POST /api/users/login 06-08-2023_04:31:18
DELETE /api/contacts/64cfa0212c3c69c0c4626cc3 06-08-2023_04:31:33
GET /api/contacts/ 06-08-2023_04:43:06
GET /api/contacts/ 06-08-2023_04:43:20
GET /api/contacts/ 06-08-2023_04:43:27
GET /api/contacts/ 06-08-2023_04:43:31
GET /api/contacts/ 06-08-2023_04:43:35
POST /api/users/login 06-08-2023_04:43:39
GET /api/contacts/ 06-08-2023_04:43:47
POST /api/users/login 06-08-2023_04:47:32
PATCH /api/users/avatars 06-08-2023_04:47:43
POST /api/users/register 06-08-2023_04:50:12
POST /api/users/login 06-08-2023_04:50:26
GET /api/users/current 06-08-2023_04:50:56
PATCH /api/users/64cfa51455f83da161e4b989/subscription 06-08-2023_04:51:33
GET /api/users/current 06-08-2023_04:51:41
GET /api/contacts/ 06-08-2023_04:51:57
POST /api/contacts/ 06-08-2023_04:52:40
GET /api/contacts/ 06-08-2023_04:53:04
POST /api/users/login 06-08-2023_10:45:51
PATCH /api/users/avatars 06-08-2023_10:46:19
POST /api/users/register 08-08-2023_02:53:26
GET /api/users/verify/Sm0jJybAdw7aek_GUCq9n 08-08-2023_02:54:26
GET /favicon.ico 08-08-2023_02:54:26
POST /api/users/login 08-08-2023_02:59:40
POST /api/users/login 08-08-2023_03:00:28
GET /api/users/verify/Sm0jJybAdw7aek_GUCq9n 08-08-2023_03:11:30
POST /api/users/login 08-08-2023_03:12:22
POST /api/users/verify 08-08-2023_03:39:59
POST /api/users/verify 08-08-2023_03:45:29
POST /api/users/register 08-08-2023_05:05:02
POST /api/users/login 08-08-2023_05:06:15
POST /api/users/verify 08-08-2023_05:06:22
GET /api/users/verify/0nDfCpMpETay9qZ0syxnx 08-08-2023_05:06:46
POST /api/users/verify 08-08-2023_05:07:07
POST /api/users/login 08-08-2023_05:07:11
GET /api/contacts/ 08-08-2023_05:07:22
GET /api/users/current 08-08-2023_05:08:01
POST /api/contacts/ 08-08-2023_05:08:12
GET /api/contacts/ 08-08-2023_05:08:16
GET /api/users/verify/0nDfCpMpETay9qZ0syxnx 08-08-2023_05:31:36